0 info it worked if it ends with ok
1 verbose cli [ '/usr/local/bin/node',
1 verbose cli   '/usr/local/lib/node_modules/cnpm/node_modules/.bin/npm',
1 verbose cli   '--userconfig=/var/root/.cnpmrc',
1 verbose cli   '--disturl=https://npm.taobao.org/mirrors/node',
1 verbose cli   '--registry=https://registry.npm.taobao.org',
1 verbose cli   'start' ]
2 info using npm@3.10.10
3 info using node@v8.11.3
4 verbose run-script [ 'prestart', 'start', 'poststart' ]
5 info lifecycle react-family@1.0.0~prestart: react-family@1.0.0
6 silly lifecycle react-family@1.0.0~prestart: no script for prestart, continuing
7 info lifecycle react-family@1.0.0~start: react-family@1.0.0
8 verbose lifecycle react-family@1.0.0~start: unsafe-perm in lifecycle true
9 verbose lifecycle react-family@1.0.0~start: PATH: /usr/local/lib/node_modules/cnpm/node_modules/npm/bin/node-gyp-bin:/Volumes/D/QTBit/node_modules/.bin:/usr/local/bin:/usr/bin:/bin:/usr/sbin:/sbin
10 verbose lifecycle react-family@1.0.0~start: CWD: /Volumes/D/QTBit
11 silly lifecycle react-family@1.0.0~start: Args: [ '-c',
11 silly lifecycle   'webpack-dev-server --config webpack.dev.config.js --color --progress --hot' ]
12 silly lifecycle react-family@1.0.0~start: Returned: code: 1  signal: null
13 info lifecycle react-family@1.0.0~start: Failed to exec start script
14 verbose stack Error: react-family@1.0.0 start: `webpack-dev-server --config webpack.dev.config.js --color --progress --hot`
14 verbose stack Exit status 1
14 verbose stack     at EventEmitter.<anonymous> (/usr/local/lib/node_modules/cnpm/node_modules/npm/lib/utils/lifecycle.js:255:16)
14 verbose stack     at emitTwo (events.js:126:13)
14 verbose stack     at EventEmitter.emit (events.js:214:7)
14 verbose stack     at ChildProcess.<anonymous> (/usr/local/lib/node_modules/cnpm/node_modules/npm/lib/utils/spawn.js:40:14)
14 verbose stack     at emitTwo (events.js:126:13)
14 verbose stack     at ChildProcess.emit (events.js:214:7)
14 verbose stack     at maybeClose (internal/child_process.js:925:16)
14 verbose stack     at Process.ChildProcess._handle.onexit (internal/child_process.js:209:5)
15 verbose pkgid react-family@1.0.0
16 verbose cwd /Volumes/D/QTBit
17 error Darwin 17.7.0
18 error argv "/usr/local/bin/node" "/usr/local/lib/node_modules/cnpm/node_modules/.bin/npm" "--userconfig=/var/root/.cnpmrc" "--disturl=https://npm.taobao.org/mirrors/node" "--registry=https://registry.npm.taobao.org" "start"
19 error node v8.11.3
20 error npm  v3.10.10
21 error code ELIFECYCLE
22 error react-family@1.0.0 start: `webpack-dev-server --config webpack.dev.config.js --color --progress --hot`
22 error Exit status 1
23 error Failed at the react-family@1.0.0 start script 'webpack-dev-server --config webpack.dev.config.js --color --progress --hot'.
23 error Make sure you have the latest version of node.js and npm installed.
23 error If you do, this is most likely a problem with the react-family package,
23 error not with npm itself.
23 error Tell the author that this fails on your system:
23 error     webpack-dev-server --config webpack.dev.config.js --color --progress --hot
23 error You can get information on how to open an issue for this project with:
23 error     npm bugs react-family
23 error Or if that isn't available, you can get their info via:
23 error     npm owner ls react-family
23 error There is likely additional logging output above.
24 verbose exit [ 1, true ]
